<?xml version="1.0" encoding="UTF-8"?>
<!-- Generated by org.testng.reporters.JUnitXMLReporter -->
<testsuite ignored="0" hostname="GaganSg" failures="1" tests="3" name="Login Tests" time="10.833" errors="0" timestamp="2026-04-16T17:14:10 IST">
  <testcase classname="tests.LoginTest" name="captureErrorScreenshotTest" time="0.629">
    <failure type="java.lang.AssertionError" message="Deliberately failing to capture the red UI error in a screenshot. expected [I expect this to be wrong] but found [Epic sadface: Username and password do not match any user in this service]">
      <![CDATA[java.lang.AssertionError: Deliberately failing to capture the red UI error in a screenshot. expected [I expect this to be wrong] but found [Epic sadface: Username and password do not match any user in this service]
at tests.LoginTest.captureErrorScreenshotTest(LoginTest.java:40)
at java.base/java.util.ArrayList.forEach(ArrayList.java:1604)
at java.base/java.util.concurrent.FutureTask.run(FutureTask.java:328)
at java.base/java.util.concurrent.ThreadPoolExecutor.runWorker(ThreadPoolExecutor.java:1090)
at java.base/java.util.concurrent.ThreadPoolExecutor$Worker.run(ThreadPoolExecutor.java:614)
at java.base/java.lang.Thread.run(Thread.java:1474)
... Removed 20 stack frames]]>
    </failure>
  </testcase> <!-- captureErrorScreenshotTest -->
  <testcase classname="tests.LoginTest" name="lockedOutUserLoginTest" time="0.583"/>
  <testcase classname="tests.LoginTest" name="validLoginTest" time="0.864"/>
</testsuite> <!-- Login Tests -->
