<?xml version="1.0" encoding="UTF-8"?>
<!-- Generated by org.testng.reporters.JUnitReportReporter -->
<testsuite hostname="GaganSg" failures="0" tests="2" name="tests.ProductSortingTest" time="8.220" errors="0" timestamp="2026-04-16T17:14:24 IST" skipped="0">
  <testcase classname="tests.ProductSortingTest" name="sortProductsPriceLowToHighTest" time="3.894"/>
  <system-out/>
  <testcase classname="tests.ProductSortingTest" name="sortProductsNameZtoATest" time="4.326"/>
  <system-out/>
</testsuite> <!-- tests.ProductSortingTest -->
